加载训练数据: data/train.csv
✓ 训练数据: 1458644 行 × 11 列
加载测试数据: data/test.csv
✓ 测试数据: 625134 行 × 9 列

数据清洗...
移除了 998 条无效坐标记录 (0.07%)
移除了 5791 条零距离行程记录

移除异常值...
移除了 28730 个异常值 (1.98%)
范围: [92.00, 3432.00] 秒
移除了 399 条无效坐标记录 (0.06%)
移除了 2425 条零距离行程记录

特征工程...
✓ 特征工程完成，特征数量: 23
特征列表: ['vendor_id', 'passenger_count', 'pickup_longitude', 'pickup_latitude', 'dropoff_longitude', 'dropoff_latitude', 'store_and_fwd_flag', 'hour', 'day_of_week', 'day_of_month']...

训练 XGB 模型...

训练最终模型...

训练集评估指标:
  MAE: 178.40 秒 (2.97 分钟)
  RMSE: 261.26 秒 (4.35 分钟)
  R²: 0.7913
  Log MAE: 0.2476

✓ 模型已保存到: models/nyc_taxi_model_final.joblib

生成预测...
✓ 提交文件已保存到: predictions/submission_final.csv
  预测范围: [1.00, 3416.95] 秒
